<?xml version="1.0" encoding="UTF-8"?>
<!-- Generated by org.testng.reporters.JUnitReportReporter -->
<testsuite hostname="DESKTOP-744OEUQ" failures="0" tests="1" name="driverFactory.DriverScript" time="9.131" errors="0" timestamp="2023-09-30T18:24:46 IST" skipped="0">
  <testcase classname="driverFactory.DriverScript" name="starttest" time="9.131">
    <system-out>
      <![CDATA[no of rows in Tcsheet::4  no of rows in Tssheet::20
Login Sucess::adminflow  http://primusbank.qedgetech.com/adminflow.aspx
logout success::
Login Sucess::adminflow  http://primusbank.qedgetech.com/adminflow.aspx]]>
    </system-out>
  </testcase> <!-- starttest -->
  <system-out>
    <![CDATA[Browser value not matching
no of rows in Tcsheet::4  no of rows in Tssheet::20
Login Sucess::adminflow  http://primusbank.qedgetech.com/adminflow.aspx
logout success::
Login Sucess::adminflow  http://primusbank.qedgetech.com/adminflow.aspx]]>
  </system-out>
</testsuite> <!-- driverFactory.DriverScript -->
