<?xml version="1.0" encoding="UTF-8"?>
<!-- Generated by org.testng.reporters.JUnitReportReporter -->
<testsuite hostname="DESKTOP-744OEUQ" failures="0" tests="1" name="driverFactory.DriverScript" time="23.220" errors="0" timestamp="2023-09-24T19:20:13 IST" skipped="0">
  <testcase classname="driverFactory.DriverScript" name="starttest" time="23.220">
    <system-out>
      <![CDATA[no of rows are::10
login sucess::dashboard  http://orangehrm.qedgetech.com/symfony/web/index.php/dashboard
login failed::dashboard  http://orangehrm.qedgetech.com/symfony/web/index.php/auth/validateCredentials
login failed::dashboard  http://orangehrm.qedgetech.com/symfony/web/index.php/auth/validateCredentials
login failed::dashboard  http://orangehrm.qedgetech.com/symfony/web/index.php/auth/login
login sucess::dashboard  http://orangehrm.qedgetech.com/symfony/web/index.php/dashboard
login failed::dashboard  http://orangehrm.qedgetech.com/symfony/web/index.php/auth/login
login sucess::dashboard  http://orangehrm.qedgetech.com/symfony/web/index.php/dashboard
login failed::dashboard  http://orangehrm.qedgetech.com/symfony/web/index.php/auth/login
login sucess::dashboard  http://orangehrm.qedgetech.com/symfony/web/index.php/dashboard
login failed::dashboard  http://orangehrm.qedgetech.com/symfony/web/index.php/auth/validateCredentials]]>
    </system-out>
  </testcase> <!-- starttest -->
  <system-out>
    <![CDATA[no of rows are::10
login sucess::dashboard  http://orangehrm.qedgetech.com/symfony/web/index.php/dashboard
login failed::dashboard  http://orangehrm.qedgetech.com/symfony/web/index.php/auth/validateCredentials
login failed::dashboard  http://orangehrm.qedgetech.com/symfony/web/index.php/auth/validateCredentials
login failed::dashboard  http://orangehrm.qedgetech.com/symfony/web/index.php/auth/login
login sucess::dashboard  http://orangehrm.qedgetech.com/symfony/web/index.php/dashboard
login failed::dashboard  http://orangehrm.qedgetech.com/symfony/web/index.php/auth/login
login sucess::dashboard  http://orangehrm.qedgetech.com/symfony/web/index.php/dashboard
login failed::dashboard  http://orangehrm.qedgetech.com/symfony/web/index.php/auth/login
login sucess::dashboard  http://orangehrm.qedgetech.com/symfony/web/index.php/dashboard
login failed::dashboard  http://orangehrm.qedgetech.com/symfony/web/index.php/auth/validateCredentials]]>
  </system-out>
</testsuite> <!-- driverFactory.DriverScript -->
